<?xml version="1.0" encoding="UTF-8"?>
<!-- Generated by org.testng.reporters.JUnitReportReporter -->
<testsuite hostname="A21-PC" name="com.yoya.test.LoginPageTest" tests="3" failures="0" timestamp="13 Jan 2017 07:29:30 GMT" time="26.788" errors="0">
  <testcase name="testusrlongin" time="13.816" classname="com.yoya.test.LoginPageTest"/>
  <testcase name="testsingin" time="3.131" classname="com.yoya.test.LoginPageTest"/>
  <testcase name="testopen" time="9.841" classname="com.yoya.test.LoginPageTest"/>
</testsuite> <!-- com.yoya.test.LoginPageTest -->
